
  .   ____          _            __ _ _
 /\\ / ___'_ __ _ _(_)_ __  __ _ \ \ \ \
( ( )\___ | '_ | '_| | '_ \/ _` | \ \ \ \
 \\/  ___)| |_)| | | | | || (_| |  ) ) ) )
  '  |____| .__|_| |_|_| |_\__, | / / / /
 =========|_|==============|___/=/_/_/_/

 :: Spring Boot ::                (v3.3.6)

2026-06-18T00:33:57.576-03:00  INFO 26412 --- [zentrix-web-api] [           main] b.c.z.web.api.ZentrixWebApplication      : Starting ZentrixWebApplication v0.1.0-SNAPSHOT using Java 25 with PID 26412 (C:\Users\Leonardo\Desktop\Sistema Zentrix WEB\BackEnd\target\zentrix-web-api-0.1.0-SNAPSHOT.jar started by Leonardo in C:\Users\Leonardo\Desktop\Sistema Zentrix WEB\BackEnd)
2026-06-18T00:33:57.581-03:00  INFO 26412 --- [zentrix-web-api] [           main] b.c.z.web.api.ZentrixWebApplication      : No active profile set, falling back to 1 default profile: "default"
2026-06-18T00:33:59.888-03:00  INFO 26412 --- [zentrix-web-api] [           main] o.s.b.w.embedded.tomcat.TomcatWebServer  : Tomcat initialized with port 8080 (http)
2026-06-18T00:33:59.927-03:00  INFO 26412 --- [zentrix-web-api] [           main] o.apache.catalina.core.StandardService   : Starting service [Tomcat]
2026-06-18T00:33:59.927-03:00  INFO 26412 --- [zentrix-web-api] [           main] o.apache.catalina.core.StandardEngine    : Starting Servlet engine: [Apache Tomcat/10.1.33]
2026-06-18T00:33:59.997-03:00  INFO 26412 --- [zentrix-web-api] [           main] o.a.c.c.C.[Tomcat].[localhost].[/]       : Initializing Spring embedded WebApplicationContext
2026-06-18T00:33:59.999-03:00  INFO 26412 --- [zentrix-web-api] [           main] w.s.c.ServletWebServerApplicationContext : Root WebApplicationContext: initialization completed in 2337 ms
2026-06-18T00:34:00.178-03:00  INFO 26412 --- [zentrix-web-api] [           main] com.zaxxer.hikari.HikariDataSource       : ZentrixWebPool - Starting...
2026-06-18T00:34:00.254-03:00  INFO 26412 --- [zentrix-web-api] [           main] com.zaxxer.hikari.HikariDataSource       : ZentrixWebPool - Start completed.
2026-06-18T00:34:03.145-03:00  INFO 26412 --- [zentrix-web-api] [           main] o.s.b.w.embedded.tomcat.TomcatWebServer  : Tomcat started on port 8080 (http) with context path '/'
2026-06-18T00:34:03.180-03:00  INFO 26412 --- [zentrix-web-api] [           main] b.c.z.web.api.ZentrixWebApplication      : Started ZentrixWebApplication in 6.517 seconds (process running for 7.568)
2026-06-18T00:34:03.318-03:00  INFO 26412 --- [zentrix-web-api] [nio-8080-exec-1] o.a.c.c.C.[Tomcat].[localhost].[/]       : Initializing Spring DispatcherServlet 'dispatcherServlet'
2026-06-18T00:34:03.318-03:00  INFO 26412 --- [zentrix-web-api] [nio-8080-exec-1] o.s.web.servlet.DispatcherServlet        : Initializing Servlet 'dispatcherServlet'
2026-06-18T00:34:03.322-03:00  INFO 26412 --- [zentrix-web-api] [nio-8080-exec-1] o.s.web.servlet.DispatcherServlet        : Completed initialization in 3 ms
