
  .   ____          _            __ _ _
 /\\ / ___'_ __ _ _(_)_ __  __ _ \ \ \ \
( ( )\___ | '_ | '_| | '_ \/ _` | \ \ \ \
 \\/  ___)| |_)| | | | | || (_| |  ) ) ) )
  '  |____| .__|_| |_|_| |_\__, | / / / /
 =========|_|==============|___/=/_/_/_/

 :: Spring Boot ::                (v3.3.6)

2026-06-14T00:52:40.868-03:00  INFO 3372 --- [zentrix-web-api] [           main] b.c.z.web.api.ZentrixWebApplication      : Starting ZentrixWebApplication v0.1.0-SNAPSHOT using Java 25 with PID 3372 (C:\Users\Leonardo\Desktop\Sistema Zentrix WEB\BackEnd\target\zentrix-web-api-0.1.0-SNAPSHOT.jar started by Leonardo in C:\Users\Leonardo\Desktop\Sistema Zentrix WEB\BackEnd)
2026-06-14T00:52:40.870-03:00  INFO 3372 --- [zentrix-web-api] [           main] b.c.z.web.api.ZentrixWebApplication      : No active profile set, falling back to 1 default profile: "default"
2026-06-14T00:52:42.588-03:00  INFO 3372 --- [zentrix-web-api] [           main] o.s.b.w.embedded.tomcat.TomcatWebServer  : Tomcat initialized with port 8080 (http)
2026-06-14T00:52:42.619-03:00  INFO 3372 --- [zentrix-web-api] [           main] o.apache.catalina.core.StandardService   : Starting service [Tomcat]
2026-06-14T00:52:42.620-03:00  INFO 3372 --- [zentrix-web-api] [           main] o.apache.catalina.core.StandardEngine    : Starting Servlet engine: [Apache Tomcat/10.1.33]
2026-06-14T00:52:42.692-03:00  INFO 3372 --- [zentrix-web-api] [           main] o.a.c.c.C.[Tomcat].[localhost].[/]       : Initializing Spring embedded WebApplicationContext
2026-06-14T00:52:42.694-03:00  INFO 3372 --- [zentrix-web-api] [           main] w.s.c.ServletWebServerApplicationContext : Root WebApplicationContext: initialization completed in 1750 ms
2026-06-14T00:52:42.866-03:00  INFO 3372 --- [zentrix-web-api] [           main] com.zaxxer.hikari.HikariDataSource       : ZentrixWebPool - Starting...
2026-06-14T00:52:42.920-03:00  INFO 3372 --- [zentrix-web-api] [           main] com.zaxxer.hikari.HikariDataSource       : ZentrixWebPool - Start completed.
2026-06-14T00:52:44.558-03:00  INFO 3372 --- [zentrix-web-api] [           main] o.s.b.w.embedded.tomcat.TomcatWebServer  : Tomcat started on port 8080 (http) with context path '/'
2026-06-14T00:52:44.606-03:00  INFO 3372 --- [zentrix-web-api] [           main] b.c.z.web.api.ZentrixWebApplication      : Started ZentrixWebApplication in 4.428 seconds (process running for 5.243)
2026-06-14T00:52:44.753-03:00  INFO 3372 --- [zentrix-web-api] [nio-8080-exec-1] o.a.c.c.C.[Tomcat].[localhost].[/]       : Initializing Spring DispatcherServlet 'dispatcherServlet'
2026-06-14T00:52:44.754-03:00  INFO 3372 --- [zentrix-web-api] [nio-8080-exec-1] o.s.web.servlet.DispatcherServlet        : Initializing Servlet 'dispatcherServlet'
2026-06-14T00:52:44.756-03:00  INFO 3372 --- [zentrix-web-api] [nio-8080-exec-1] o.s.web.servlet.DispatcherServlet        : Completed initialization in 1 ms
